\BOOKMARK [1][-]{section.1}{\376\377\000I\000n\000t\000r\000o\000d\000u\000c\000t\000i\000o\000n}{}% 1
\BOOKMARK [1][-]{section.2}{\376\377\000C\000o\000n\000t\000r\000o\000l\000\040\000e\000f\000f\000e\000c\000t\000s\000\040\000o\000n\000\040\000t\000r\000u\000s\000t\000:\000\040\000T\000h\000e\000\040\000e\000f\000f\000e\000c\000t\000\040\000o\000f\000\040\000n\000e\000t\000w\000o\000r\000k\000\040\000c\000o\000n\000t\000r\000o\000l}{}% 2
\BOOKMARK [2][-]{subsection.2.1}{\376\377\000T\000h\000e\000\040\000T\000r\000u\000s\000t\000\040\000G\000a\000m\000e}{section.2}% 3
\BOOKMARK [2][-]{subsection.2.2}{\376\377\000N\000e\000t\000w\000o\000r\000k\000\040\000c\000o\000n\000t\000r\000o\000l\000\040\000e\000f\000f\000e\000c\000t\000s\000\040\000o\000n\000\040\000t\000r\000u\000s\000t}{section.2}% 4
\BOOKMARK [2][-]{subsection.2.3}{\376\377\000D\000i\000f\000f\000e\000r\000e\000n\000c\000e\000s\000\040\000b\000e\000t\000w\000e\000e\000n\000\040\000n\000e\000t\000w\000o\000r\000k\000\040\000c\000o\000n\000t\000r\000o\000l\000\040\000e\000f\000f\000e\000c\000t\000s\000\040\000f\000o\000r\000\040\000t\000r\000u\000s\000t\000o\000r\000s\000\040\000a\000n\000d\000\040\000t\000r\000u\000s\000t\000e\000e\000s}{section.2}% 5
\BOOKMARK [1][-]{section.3}{\376\377\000D\000a\000t\000a\000\040\000a\000n\000d\000\040\000m\000e\000t\000h\000o\000d\000s}{}% 6
\BOOKMARK [2][-]{subsection.3.1}{\376\377\000D\000e\000s\000c\000r\000i\000p\000t\000i\000o\000n\000\040\000o\000f\000\040\000t\000h\000e\000\040\000d\000a\000t\000a\000\040\000s\000e\000t\000s\000\040\000c\000o\000n\000s\000i\000d\000e\000r\000e\000d}{section.3}% 7
\BOOKMARK [3][-]{subsubsection.3.1.1}{\376\377\000S\000t\000u\000d\000i\000e\000s\000\040\000w\000i\000t\000h\000\040\000r\000a\000n\000d\000o\000m\000\040\000p\000a\000r\000t\000n\000e\000r\000\040\000m\000a\000t\000c\000h\000i\000n\000g}{subsection.3.1}% 8
\BOOKMARK [3][-]{subsubsection.3.1.2}{\376\377\000S\000t\000u\000d\000i\000e\000s\000\040\000i\000n\000\040\000t\000r\000i\000a\000d\000s}{subsection.3.1}% 9
\BOOKMARK [2][-]{subsection.3.2}{\376\377\000B\000a\000y\000e\000s\000i\000a\000n\000\040\000E\000v\000i\000d\000e\000n\000c\000e\000\040\000S\000y\000n\000t\000h\000e\000s\000i\000s}{section.3}% 10
\BOOKMARK [3][-]{subsubsection.3.2.1}{\376\377\000I\000n\000f\000o\000r\000m\000a\000t\000i\000v\000e\000\040\000h\000y\000p\000o\000t\000h\000e\000s\000e\000s}{subsection.3.2}% 11
\BOOKMARK [3][-]{subsubsection.3.2.2}{\376\377\000B\000a\000y\000e\000s\000i\000a\000n\000\040\000e\000v\000a\000l\000u\000a\000t\000i\000o\000n\000\040\000o\000f\000\040\000i\000n\000f\000o\000r\000m\000a\000t\000i\000v\000e\000\040\000h\000y\000p\000o\000t\000h\000e\000s\000e\000s}{subsection.3.2}% 12
\BOOKMARK [1][-]{section.4}{\376\377\000R\000e\000s\000u\000l\000t\000s}{}% 13
\BOOKMARK [2][-]{subsection.4.1}{\376\377\000R\000e\000s\000u\000l\000t\000s\000\040\000i\000n\000\040\000i\000n\000d\000i\000v\000i\000d\000u\000a\000l\000\040\000s\000t\000u\000d\000i\000e\000s}{section.4}% 14
\BOOKMARK [2][-]{subsection.4.2}{\376\377\000A\000g\000g\000r\000e\000g\000a\000t\000i\000n\000g\000\040\000r\000e\000s\000u\000l\000t\000s\000\040\000o\000v\000e\000r\000\040\000s\000t\000u\000d\000i\000e\000s\000\040\000u\000s\000i\000n\000g\000\040\000B\000a\000y\000e\000s\000i\000a\000n\000\040\000E\000v\000i\000d\000e\000n\000c\000e\000\040\000S\000y\000n\000t\000h\000e\000s\000i\000s}{section.4}% 15
\BOOKMARK [1][-]{section.5}{\376\377\000D\000i\000s\000c\000u\000s\000s\000i\000o\000n}{}% 16
\BOOKMARK [1][-]{section.6}{\376\377\000L\000i\000t\000e\000r\000a\000t\000u\000r\000e}{}% 17
\BOOKMARK [1][-]{appendix.A}{\376\377\000A\000p\000p\000e\000n\000d\000i\000x\000\040\000-\000\040\000I\000n\000f\000o\000r\000m\000a\000t\000i\000o\000n\000\040\000a\000b\000o\000u\000t\000\040\000i\000n\000d\000i\000v\000i\000d\000u\000a\000l\000\040\000s\000t\000u\000d\000i\000e\000s}{}% 18
\BOOKMARK [2][-]{subsection.A.1}{\376\377\000N\000e\000t\000w\000o\000r\000k\000\040\000e\000m\000b\000e\000d\000d\000e\000d\000n\000e\000s\000s\000\040\000w\000i\000t\000h\000\040\000c\000h\000a\000n\000g\000i\000n\000g\000\040\000i\000n\000t\000e\000r\000a\000c\000t\000i\000o\000n\000\040\000p\000a\000r\000t\000n\000e\000r\000s}{appendix.A}% 19
\BOOKMARK [3][-]{subsubsection.A.1.1}{\376\377\000B\000o\000l\000t\000o\000n\000\040\000e\000t\000\040\000a\000l\000.\000\040\000\050\0002\0000\0000\0004\000\051}{subsection.A.1}% 20
\BOOKMARK [3][-]{subsubsection.A.1.2}{\376\377\000D\000u\000f\000f\000y\000\040\000e\000t\000\040\000a\000l\000.\000\040\000\050\0002\0000\0001\0003\000\051}{subsection.A.1}% 21
\BOOKMARK [3][-]{subsubsection.A.1.3}{\376\377\000S\000e\000i\000n\000e\000n\000\040\000a\000n\000d\000\040\000S\000c\000h\000r\000a\000m\000\040\000\050\0002\0000\0000\0006\000\051}{subsection.A.1}% 22
\BOOKMARK [3][-]{subsubsection.A.1.4}{\376\377\000C\000o\000r\000t\000e\000n\000\040\000e\000t\000\040\000a\000l\000.\000\040\000\050\0002\0000\0001\0006\000\051}{subsection.A.1}% 23
\BOOKMARK [2][-]{subsection.A.2}{\376\377\000N\000e\000t\000w\000o\000r\000k\000\040\000e\000m\000b\000e\000d\000d\000e\000d\000n\000e\000s\000s\000\040\000i\000n\000\040\000t\000r\000i\000a\000d\000s}{appendix.A}% 24
\BOOKMARK [3][-]{subsubsection.A.2.1}{\376\377\000B\000u\000s\000k\000e\000n\000s\000\040\000e\000t\000\040\000a\000l\000.\000\040\000\050\0002\0000\0001\0000\000\051}{subsection.A.2}% 25
\BOOKMARK [3][-]{subsubsection.A.2.2}{\376\377\000V\000a\000n\000\040\000M\000i\000l\000t\000e\000n\000b\000u\000r\000g\000\040\000e\000t\000\040\000a\000l\000.\000\040\000\050\0002\0000\0001\0002\000\051}{subsection.A.2}% 26
\BOOKMARK [3][-]{subsubsection.A.2.3}{\376\377\000F\000r\000e\000y\000\040\000e\000t\000\040\000a\000l\000.\000\040\000\050\0002\0000\0001\0009\000\051}{subsection.A.2}% 27
\BOOKMARK [3][-]{subsubsection.A.2.4}{\376\377\000B\000a\000r\000r\000e\000r\000a\000\040\000a\000n\000d\000\040\000B\000u\000s\000k\000e\000n\000s\000\040\000\050\0002\0000\0000\0009\000\051}{subsection.A.2}% 28
\BOOKMARK [1][-]{appendix.B}{\376\377\000A\000p\000p\000e\000n\000d\000i\000x\000\040\000-\000\040\000C\000o\000e\000f\000f\000i\000c\000i\000e\000n\000t\000s\000\040\000a\000n\000d\000\040\000r\000o\000b\000u\000s\000t\000n\000e\000s\000s\000\040\000c\000h\000e\000c\000k\000s}{}% 29
